{"C:\\Users\\zeina\\Documents\\codin\\javascript\\watsonUtils\\utils\\intentNodeFinder.cjs": {"path":"C:\\Users\\zeina\\Documents\\codin\\javascript\\watsonUtils\\utils\\intentNodeFinder.cjs","statementMap":{"0":{"start":{"line":2,"column":20},"end":{"line":2,"column":48}},"1":{"start":{"line":6,"column":8},"end":{"line":6,"column":27}},"2":{"start":{"line":7,"column":8},"end":{"line":7,"column":37}},"3":{"start":{"line":8,"column":8},"end":{"line":8,"column":35}},"4":{"start":{"line":12,"column":24},"end":{"line":12,"column":26}},"5":{"start":{"line":16,"column":29},"end":{"line":16,"column":55}},"6":{"start":{"line":17,"column":25},"end":{"line":17,"column":100}},"7":{"start":{"line":17,"column":53},"end":{"line":17,"column":96}},"8":{"start":{"line":19,"column":8},"end":{"line":44,"column":5}},"9":{"start":{"line":20,"column":33},"end":{"line":20,"column":116}},"10":{"start":{"line":21,"column":12},"end":{"line":21,"column":41}},"11":{"start":{"line":22,"column":37},"end":{"line":22,"column":93}},"12":{"start":{"line":22,"column":65},"end":{"line":22,"column":92}},"13":{"start":{"line":23,"column":42},"end":{"line":23,"column":143}},"14":{"start":{"line":23,"column":71},"end":{"line":23,"column":142}},"15":{"start":{"line":24,"column":12},"end":{"line":24,"column":53}},"16":{"start":{"line":27,"column":39},"end":{"line":27,"column":60}},"17":{"start":{"line":29,"column":12},"end":{"line":43,"column":13}},"18":{"start":{"line":30,"column":35},"end":{"line":30,"column":37}},"19":{"start":{"line":31,"column":16},"end":{"line":36,"column":17}},"20":{"start":{"line":32,"column":20},"end":{"line":32,"column":59}},"21":{"start":{"line":33,"column":53},"end":{"line":33,"column":102}},"22":{"start":{"line":33,"column":81},"end":{"line":33,"column":101}},"23":{"start":{"line":34,"column":58},"end":{"line":34,"column":169}},"24":{"start":{"line":34,"column":97},"end":{"line":34,"column":168}},"25":{"start":{"line":35,"column":20},"end":{"line":35,"column":74}},"26":{"start":{"line":37,"column":16},"end":{"line":39,"column":17}},"27":{"start":{"line":38,"column":20},"end":{"line":38,"column":26}},"28":{"start":{"line":40,"column":16},"end":{"line":40,"column":47}},"29":{"start":{"line":41,"column":16},"end":{"line":41,"column":48}},"30":{"start":{"line":42,"column":16},"end":{"line":42,"column":52}},"31":{"start":{"line":45,"column":8},"end":{"line":50,"column":9}},"32":{"start":{"line":46,"column":12},"end":{"line":46,"column":130}},"33":{"start":{"line":49,"column":12},"end":{"line":49,"column":29}},"34":{"start":{"line":56,"column":0},"end":{"line":56,"column":34}}},"fnMap":{"0":{"name":"(anonymous_0)","decl":{"start":{"line":5,"column":4},"end":{"line":5,"column":5}},"loc":{"start":{"line":5,"column":52},"end":{"line":9,"column":5}},"line":5},"1":{"name":"(anonymous_1)","decl":{"start":{"line":11,"column":4},"end":{"line":11,"column":5}},"loc":{"start":{"line":11,"column":18},"end":{"line":51,"column":5}},"line":11},"2":{"name":"(anonymous_2)","decl":{"start":{"line":17,"column":45},"end":{"line":17,"column":46}},"loc":{"start":{"line":17,"column":53},"end":{"line":17,"column":96}},"line":17},"3":{"name":"(anonymous_3)","decl":{"start":{"line":22,"column":57},"end":{"line":22,"column":58}},"loc":{"start":{"line":22,"column":65},"end":{"line":22,"column":92}},"line":22},"4":{"name":"(anonymous_4)","decl":{"start":{"line":23,"column":63},"end":{"line":23,"column":64}},"loc":{"start":{"line":23,"column":71},"end":{"line":23,"column":142}},"line":23},"5":{"name":"(anonymous_5)","decl":{"start":{"line":33,"column":73},"end":{"line":33,"column":74}},"loc":{"start":{"line":33,"column":81},"end":{"line":33,"column":101}},"line":33},"6":{"name":"(anonymous_6)","decl":{"start":{"line":34,"column":89},"end":{"line":34,"column":90}},"loc":{"start":{"line":34,"column":97},"end":{"line":34,"column":168}},"line":34}},"branchMap":{"0":{"loc":{"start":{"line":5,"column":35},"end":{"line":5,"column":51}},"type":"default-arg","locations":[{"start":{"line":5,"column":47},"end":{"line":5,"column":51}}],"line":5},"1":{"loc":{"start":{"line":19,"column":8},"end":{"line":44,"column":5}},"type":"if","locations":[{"start":{"line":19,"column":8},"end":{"line":44,"column":5}},{"start":{},"end":{}}],"line":19},"2":{"loc":{"start":{"line":20,"column":33},"end":{"line":20,"column":116}},"type":"cond-expr","locations":[{"start":{"line":20,"column":74},"end":{"line":20,"column":97}},{"start":{"line":20,"column":99},"end":{"line":20,"column":116}}],"line":20},"3":{"loc":{"start":{"line":23,"column":71},"end":{"line":23,"column":142}},"type":"cond-expr","locations":[{"start":{"line":23,"column":108},"end":{"line":23,"column":127}},{"start":{"line":23,"column":129},"end":{"line":23,"column":142}}],"line":23},"4":{"loc":{"start":{"line":34,"column":97},"end":{"line":34,"column":168}},"type":"cond-expr","locations":[{"start":{"line":34,"column":134},"end":{"line":34,"column":153}},{"start":{"line":34,"column":155},"end":{"line":34,"column":168}}],"line":34},"5":{"loc":{"start":{"line":37,"column":16},"end":{"line":39,"column":17}},"type":"if","locations":[{"start":{"line":37,"column":16},"end":{"line":39,"column":17}},{"start":{},"end":{}}],"line":37},"6":{"loc":{"start":{"line":45,"column":8},"end":{"line":50,"column":9}},"type":"if","locations":[{"start":{"line":45,"column":8},"end":{"line":50,"column":9}},{"start":{"line":48,"column":13},"end":{"line":50,"column":9}}],"line":45}},"s":{"0":2,"1":4,"2":4,"3":4,"4":4,"5":4,"6":4,"7":10,"8":4,"9":3,"10":3,"11":3,"12":9,"13":3,"14":4,"15":3,"16":3,"17":3,"18":4,"19":4,"20":6,"21":6,"22":26,"23":6,"24":2,"25":6,"26":4,"27":3,"28":1,"29":1,"30":1,"31":4,"32":1,"33":3,"34":2},"f":{"0":4,"1":4,"2":10,"3":9,"4":4,"5":26,"6":2},"b":{"0":[4],"1":[3,1],"2":[3,0],"3":[4,0],"4":[2,0],"5":[3,1],"6":[1,3]},"inputSourceMap":null,"_coverageSchema":"1a1c01bbd47fc00a2c39e90264f33305004495a9","hash":"97d581fcd409bd1ae3e5daf36de222e3d659b2dd"}
,"C:\\Users\\zeina\\Documents\\codin\\javascript\\watsonUtils\\utils\\jumpToFinder.cjs": {"path":"C:\\Users\\zeina\\Documents\\codin\\javascript\\watsonUtils\\utils\\jumpToFinder.cjs","statementMap":{"0":{"start":{"line":2,"column":25},"end":{"line":2,"column":58}},"1":{"start":{"line":7,"column":8},"end":{"line":7,"column":27}},"2":{"start":{"line":8,"column":8},"end":{"line":8,"column":25}},"3":{"start":{"line":9,"column":8},"end":{"line":9,"column":29}},"4":{"start":{"line":10,"column":8},"end":{"line":12,"column":9}},"5":{"start":{"line":11,"column":12},"end":{"line":11,"column":58}},"6":{"start":{"line":18,"column":8},"end":{"line":32,"column":9}},"7":{"start":{"line":21,"column":13},"end":{"line":32,"column":9}},"8":{"start":{"line":22,"column":12},"end":{"line":22,"column":51}},"9":{"start":{"line":24,"column":13},"end":{"line":32,"column":9}},"10":{"start":{"line":25,"column":34},"end":{"line":25,"column":79}},"11":{"start":{"line":26,"column":41},"end":{"line":26,"column":43}},"12":{"start":{"line":27,"column":12},"end":{"line":30,"column":13}},"13":{"start":{"line":28,"column":16},"end":{"line":28,"column":55}},"14":{"start":{"line":29,"column":16},"end":{"line":29,"column":73}},"15":{"start":{"line":31,"column":12},"end":{"line":31,"column":40}},"16":{"start":{"line":37,"column":32},"end":{"line":37,"column":168}},"17":{"start":{"line":37,"column":71},"end":{"line":37,"column":167}},"18":{"start":{"line":39,"column":8},"end":{"line":39,"column":36}},"19":{"start":{"line":40,"column":8},"end":{"line":40,"column":31}},"20":{"start":{"line":44,"column":0},"end":{"line":44,"column":30}}},"fnMap":{"0":{"name":"(anonymous_0)","decl":{"start":{"line":6,"column":4},"end":{"line":6,"column":5}},"loc":{"start":{"line":6,"column":52},"end":{"line":13,"column":5}},"line":6},"1":{"name":"(anonymous_1)","decl":{"start":{"line":15,"column":4},"end":{"line":15,"column":5}},"loc":{"start":{"line":15,"column":19},"end":{"line":34,"column":5}},"line":15},"2":{"name":"(anonymous_2)","decl":{"start":{"line":36,"column":4},"end":{"line":36,"column":5}},"loc":{"start":{"line":36,"column":33},"end":{"line":41,"column":5}},"line":36},"3":{"name":"(anonymous_3)","decl":{"start":{"line":37,"column":63},"end":{"line":37,"column":64}},"loc":{"start":{"line":37,"column":71},"end":{"line":37,"column":167}},"line":37}},"branchMap":{"0":{"loc":{"start":{"line":6,"column":24},"end":{"line":6,"column":35}},"type":"default-arg","locations":[{"start":{"line":6,"column":31},"end":{"line":6,"column":35}}],"line":6},"1":{"loc":{"start":{"line":6,"column":37},"end":{"line":6,"column":50}},"type":"default-arg","locations":[{"start":{"line":6,"column":46},"end":{"line":6,"column":50}}],"line":6},"2":{"loc":{"start":{"line":10,"column":8},"end":{"line":12,"column":9}},"type":"if","locations":[{"start":{"line":10,"column":8},"end":{"line":12,"column":9}},{"start":{},"end":{}}],"line":10},"3":{"loc":{"start":{"line":10,"column":12},"end":{"line":10,"column":52}},"type":"binary-expr","locations":[{"start":{"line":10,"column":12},"end":{"line":10,"column":29}},{"start":{"line":10,"column":33},"end":{"line":10,"column":52}}],"line":10},"4":{"loc":{"start":{"line":18,"column":8},"end":{"line":32,"column":9}},"type":"if","locations":[{"start":{"line":18,"column":8},"end":{"line":32,"column":9}},{"start":{"line":21,"column":13},"end":{"line":32,"column":9}}],"line":18},"5":{"loc":{"start":{"line":18,"column":12},"end":{"line":18,"column":52}},"type":"binary-expr","locations":[{"start":{"line":18,"column":12},"end":{"line":18,"column":31}},{"start":{"line":18,"column":35},"end":{"line":18,"column":52}}],"line":18},"6":{"loc":{"start":{"line":21,"column":13},"end":{"line":32,"column":9}},"type":"if","locations":[{"start":{"line":21,"column":13},"end":{"line":32,"column":9}},{"start":{"line":24,"column":13},"end":{"line":32,"column":9}}],"line":21},"7":{"loc":{"start":{"line":24,"column":13},"end":{"line":32,"column":9}},"type":"if","locations":[{"start":{"line":24,"column":13},"end":{"line":32,"column":9}},{"start":{},"end":{}}],"line":24},"8":{"loc":{"start":{"line":37,"column":71},"end":{"line":37,"column":167}},"type":"binary-expr","locations":[{"start":{"line":37,"column":72},"end":{"line":37,"column":114}},{"start":{"line":37,"column":120},"end":{"line":37,"column":166}}],"line":37}},"s":{"0":1,"1":2,"2":2,"3":2,"4":2,"5":0,"6":0,"7":0,"8":0,"9":0,"10":0,"11":0,"12":0,"13":0,"14":0,"15":0,"16":2,"17":3,"18":2,"19":2,"20":1},"f":{"0":2,"1":0,"2":2,"3":3},"b":{"0":[0],"1":[2],"2":[0,2],"3":[2,0],"4":[0,0],"5":[0,0],"6":[0,0],"7":[0,0],"8":[3,2]},"inputSourceMap":null,"_coverageSchema":"1a1c01bbd47fc00a2c39e90264f33305004495a9","hash":"76b46790e92900364205fe69fa9729f56fb3ae42"}
,"C:\\Users\\zeina\\Documents\\codin\\javascript\\watsonUtils\\utils\\nodeIntentFinder.cjs": {"path":"C:\\Users\\zeina\\Documents\\codin\\javascript\\watsonUtils\\utils\\nodeIntentFinder.cjs","statementMap":{"0":{"start":{"line":5,"column":8},"end":{"line":5,"column":27}},"1":{"start":{"line":6,"column":8},"end":{"line":6,"column":25}},"2":{"start":{"line":7,"column":8},"end":{"line":7,"column":35}},"3":{"start":{"line":11,"column":32},"end":{"line":11,"column":74}},"4":{"start":{"line":13,"column":26},"end":{"line":13,"column":166}},"5":{"start":{"line":13,"column":65},"end":{"line":13,"column":162}},"6":{"start":{"line":15,"column":8},"end":{"line":18,"column":9}},"7":{"start":{"line":17,"column":12},"end":{"line":17,"column":40}},"8":{"start":{"line":19,"column":26},"end":{"line":19,"column":44}},"9":{"start":{"line":20,"column":8},"end":{"line":26,"column":9}},"10":{"start":{"line":20,"column":42},"end":{"line":20,"column":71}},"11":{"start":{"line":21,"column":12},"end":{"line":21,"column":134}},"12":{"start":{"line":21,"column":50},"end":{"line":21,"column":103}},"13":{"start":{"line":21,"column":120},"end":{"line":21,"column":132}},"14":{"start":{"line":22,"column":40},"end":{"line":22,"column":111}},"15":{"start":{"line":22,"column":67},"end":{"line":22,"column":110}},"16":{"start":{"line":23,"column":12},"end":{"line":25,"column":13}},"17":{"start":{"line":24,"column":16},"end":{"line":24,"column":59}},"18":{"start":{"line":30,"column":0},"end":{"line":30,"column":34}}},"fnMap":{"0":{"name":"(anonymous_0)","decl":{"start":{"line":4,"column":4},"end":{"line":4,"column":5}},"loc":{"start":{"line":4,"column":47},"end":{"line":8,"column":5}},"line":4},"1":{"name":"(anonymous_1)","decl":{"start":{"line":10,"column":4},"end":{"line":10,"column":5}},"loc":{"start":{"line":10,"column":16},"end":{"line":27,"column":5}},"line":10},"2":{"name":"(anonymous_2)","decl":{"start":{"line":13,"column":57},"end":{"line":13,"column":58}},"loc":{"start":{"line":13,"column":65},"end":{"line":13,"column":162}},"line":13},"3":{"name":"(anonymous_3)","decl":{"start":{"line":20,"column":34},"end":{"line":20,"column":35}},"loc":{"start":{"line":20,"column":42},"end":{"line":20,"column":71}},"line":20},"4":{"name":"(anonymous_4)","decl":{"start":{"line":21,"column":42},"end":{"line":21,"column":43}},"loc":{"start":{"line":21,"column":50},"end":{"line":21,"column":103}},"line":21},"5":{"name":"(anonymous_5)","decl":{"start":{"line":21,"column":112},"end":{"line":21,"column":113}},"loc":{"start":{"line":21,"column":120},"end":{"line":21,"column":132}},"line":21},"6":{"name":"(anonymous_6)","decl":{"start":{"line":22,"column":59},"end":{"line":22,"column":60}},"loc":{"start":{"line":22,"column":67},"end":{"line":22,"column":110}},"line":22}},"branchMap":{"0":{"loc":{"start":{"line":4,"column":29},"end":{"line":4,"column":45}},"type":"default-arg","locations":[{"start":{"line":4,"column":41},"end":{"line":4,"column":45}}],"line":4},"1":{"loc":{"start":{"line":11,"column":32},"end":{"line":11,"column":74}},"type":"cond-expr","locations":[{"start":{"line":11,"column":49},"end":{"line":11,"column":69}},{"start":{"line":11,"column":71},"end":{"line":11,"column":74}}],"line":11},"2":{"loc":{"start":{"line":13,"column":65},"end":{"line":13,"column":162}},"type":"cond-expr","locations":[{"start":{"line":13,"column":102},"end":{"line":13,"column":134}},{"start":{"line":13,"column":136},"end":{"line":13,"column":162}}],"line":13},"3":{"loc":{"start":{"line":15,"column":8},"end":{"line":18,"column":9}},"type":"if","locations":[{"start":{"line":15,"column":8},"end":{"line":18,"column":9}},{"start":{},"end":{}}],"line":15},"4":{"loc":{"start":{"line":21,"column":50},"end":{"line":21,"column":103}},"type":"cond-expr","locations":[{"start":{"line":21,"column":82},"end":{"line":21,"column":96}},{"start":{"line":21,"column":99},"end":{"line":21,"column":103}}],"line":21},"5":{"loc":{"start":{"line":23,"column":12},"end":{"line":25,"column":13}},"type":"if","locations":[{"start":{"line":23,"column":12},"end":{"line":25,"column":13}},{"start":{},"end":{}}],"line":23}},"s":{"0":1,"1":1,"2":1,"3":1,"4":1,"5":1,"6":1,"7":1,"8":0,"9":0,"10":0,"11":0,"12":0,"13":0,"14":0,"15":0,"16":0,"17":0,"18":1},"f":{"0":1,"1":1,"2":1,"3":0,"4":0,"5":0,"6":0},"b":{"0":[1],"1":[0,1],"2":[1,0],"3":[1,0],"4":[0,0],"5":[0,0]},"inputSourceMap":null,"_coverageSchema":"1a1c01bbd47fc00a2c39e90264f33305004495a9","hash":"bb755b7a0699e0d98ce556d6ad2c6740eea3544b"}
}
