{"C:\\Users\\zeina\\Documents\\codin\\javascript\\watsonUtils\\utils\\intentNodeFinder.cjs": {"path":"C:\\Users\\zeina\\Documents\\codin\\javascript\\watsonUtils\\utils\\intentNodeFinder.cjs","statementMap":{"0":{"start":{"line":2,"column":20},"end":{"line":2,"column":48}},"1":{"start":{"line":6,"column":8},"end":{"line":6,"column":27}},"2":{"start":{"line":7,"column":8},"end":{"line":7,"column":37}},"3":{"start":{"line":8,"column":8},"end":{"line":8,"column":35}},"4":{"start":{"line":12,"column":24},"end":{"line":12,"column":26}},"5":{"start":{"line":16,"column":29},"end":{"line":16,"column":55}},"6":{"start":{"line":17,"column":25},"end":{"line":17,"column":100}},"7":{"start":{"line":17,"column":53},"end":{"line":17,"column":96}},"8":{"start":{"line":19,"column":8},"end":{"line":42,"column":5}},"9":{"start":{"line":20,"column":33},"end":{"line":20,"column":116}},"10":{"start":{"line":21,"column":12},"end":{"line":21,"column":41}},"11":{"start":{"line":22,"column":37},"end":{"line":22,"column":93}},"12":{"start":{"line":22,"column":65},"end":{"line":22,"column":92}},"13":{"start":{"line":23,"column":42},"end":{"line":23,"column":143}},"14":{"start":{"line":23,"column":71},"end":{"line":23,"column":142}},"15":{"start":{"line":24,"column":12},"end":{"line":24,"column":53}},"16":{"start":{"line":27,"column":39},"end":{"line":27,"column":60}},"17":{"start":{"line":29,"column":12},"end":{"line":41,"column":13}},"18":{"start":{"line":30,"column":35},"end":{"line":30,"column":37}},"19":{"start":{"line":31,"column":16},"end":{"line":35,"column":17}},"20":{"start":{"line":32,"column":53},"end":{"line":32,"column":102}},"21":{"start":{"line":32,"column":81},"end":{"line":32,"column":101}},"22":{"start":{"line":33,"column":58},"end":{"line":33,"column":169}},"23":{"start":{"line":33,"column":97},"end":{"line":33,"column":168}},"24":{"start":{"line":34,"column":20},"end":{"line":34,"column":74}},"25":{"start":{"line":36,"column":16},"end":{"line":38,"column":17}},"26":{"start":{"line":37,"column":20},"end":{"line":37,"column":26}},"27":{"start":{"line":39,"column":16},"end":{"line":39,"column":48}},"28":{"start":{"line":40,"column":16},"end":{"line":40,"column":52}},"29":{"start":{"line":43,"column":8},"end":{"line":48,"column":9}},"30":{"start":{"line":44,"column":12},"end":{"line":44,"column":130}},"31":{"start":{"line":47,"column":12},"end":{"line":47,"column":29}},"32":{"start":{"line":54,"column":0},"end":{"line":54,"column":34}}},"fnMap":{"0":{"name":"(anonymous_0)","decl":{"start":{"line":5,"column":4},"end":{"line":5,"column":5}},"loc":{"start":{"line":5,"column":52},"end":{"line":9,"column":5}},"line":5},"1":{"name":"(anonymous_1)","decl":{"start":{"line":11,"column":4},"end":{"line":11,"column":5}},"loc":{"start":{"line":11,"column":18},"end":{"line":49,"column":5}},"line":11},"2":{"name":"(anonymous_2)","decl":{"start":{"line":17,"column":45},"end":{"line":17,"column":46}},"loc":{"start":{"line":17,"column":53},"end":{"line":17,"column":96}},"line":17},"3":{"name":"(anonymous_3)","decl":{"start":{"line":22,"column":57},"end":{"line":22,"column":58}},"loc":{"start":{"line":22,"column":65},"end":{"line":22,"column":92}},"line":22},"4":{"name":"(anonymous_4)","decl":{"start":{"line":23,"column":63},"end":{"line":23,"column":64}},"loc":{"start":{"line":23,"column":71},"end":{"line":23,"column":142}},"line":23},"5":{"name":"(anonymous_5)","decl":{"start":{"line":32,"column":73},"end":{"line":32,"column":74}},"loc":{"start":{"line":32,"column":81},"end":{"line":32,"column":101}},"line":32},"6":{"name":"(anonymous_6)","decl":{"start":{"line":33,"column":89},"end":{"line":33,"column":90}},"loc":{"start":{"line":33,"column":97},"end":{"line":33,"column":168}},"line":33}},"branchMap":{"0":{"loc":{"start":{"line":5,"column":35},"end":{"line":5,"column":51}},"type":"default-arg","locations":[{"start":{"line":5,"column":47},"end":{"line":5,"column":51}}],"line":5},"1":{"loc":{"start":{"line":19,"column":8},"end":{"line":42,"column":5}},"type":"if","locations":[{"start":{"line":19,"column":8},"end":{"line":42,"column":5}},{"start":{},"end":{}}],"line":19},"2":{"loc":{"start":{"line":20,"column":33},"end":{"line":20,"column":116}},"type":"cond-expr","locations":[{"start":{"line":20,"column":74},"end":{"line":20,"column":97}},{"start":{"line":20,"column":99},"end":{"line":20,"column":116}}],"line":20},"3":{"loc":{"start":{"line":23,"column":71},"end":{"line":23,"column":142}},"type":"cond-expr","locations":[{"start":{"line":23,"column":108},"end":{"line":23,"column":127}},{"start":{"line":23,"column":129},"end":{"line":23,"column":142}}],"line":23},"4":{"loc":{"start":{"line":33,"column":97},"end":{"line":33,"column":168}},"type":"cond-expr","locations":[{"start":{"line":33,"column":134},"end":{"line":33,"column":153}},{"start":{"line":33,"column":155},"end":{"line":33,"column":168}}],"line":33},"5":{"loc":{"start":{"line":36,"column":16},"end":{"line":38,"column":17}},"type":"if","locations":[{"start":{"line":36,"column":16},"end":{"line":38,"column":17}},{"start":{},"end":{}}],"line":36},"6":{"loc":{"start":{"line":43,"column":8},"end":{"line":48,"column":9}},"type":"if","locations":[{"start":{"line":43,"column":8},"end":{"line":48,"column":9}},{"start":{"line":46,"column":13},"end":{"line":48,"column":9}}],"line":43}},"s":{"0":2,"1":6,"2":6,"3":6,"4":6,"5":6,"6":6,"7":14,"8":6,"9":5,"10":5,"11":5,"12":13,"13":5,"14":4,"15":5,"16":5,"17":5,"18":6,"19":6,"20":6,"21":26,"22":6,"23":2,"24":6,"25":6,"26":5,"27":1,"28":1,"29":6,"30":1,"31":5,"32":2},"f":{"0":6,"1":6,"2":14,"3":13,"4":4,"5":26,"6":2},"b":{"0":[6],"1":[5,1],"2":[5,0],"3":[4,0],"4":[2,0],"5":[5,1],"6":[1,5]},"inputSourceMap":null,"_coverageSchema":"1a1c01bbd47fc00a2c39e90264f33305004495a9","hash":"5f43dca82757dae4371823c3b73399e8db14fdd9"}
,"C:\\Users\\zeina\\Documents\\codin\\javascript\\watsonUtils\\utils\\jumpToFinder.cjs": {"path":"C:\\Users\\zeina\\Documents\\codin\\javascript\\watsonUtils\\utils\\jumpToFinder.cjs","statementMap":{"0":{"start":{"line":2,"column":25},"end":{"line":2,"column":58}},"1":{"start":{"line":7,"column":8},"end":{"line":7,"column":27}},"2":{"start":{"line":8,"column":8},"end":{"line":8,"column":25}},"3":{"start":{"line":9,"column":8},"end":{"line":9,"column":29}},"4":{"start":{"line":10,"column":8},"end":{"line":12,"column":9}},"5":{"start":{"line":11,"column":12},"end":{"line":11,"column":58}},"6":{"start":{"line":18,"column":8},"end":{"line":40,"column":9}},"7":{"start":{"line":21,"column":13},"end":{"line":40,"column":9}},"8":{"start":{"line":22,"column":12},"end":{"line":22,"column":51}},"9":{"start":{"line":24,"column":13},"end":{"line":40,"column":9}},"10":{"start":{"line":25,"column":32},"end":{"line":25,"column":92}},"11":{"start":{"line":26,"column":12},"end":{"line":26,"column":69}},"12":{"start":{"line":28,"column":12},"end":{"line":28,"column":60}},"13":{"start":{"line":29,"column":41},"end":{"line":29,"column":43}},"14":{"start":{"line":30,"column":12},"end":{"line":38,"column":13}},"15":{"start":{"line":31,"column":16},"end":{"line":31,"column":34}},"16":{"start":{"line":33,"column":35},"end":{"line":33,"column":61}},"17":{"start":{"line":34,"column":16},"end":{"line":36,"column":17}},"18":{"start":{"line":35,"column":20},"end":{"line":35,"column":63}},"19":{"start":{"line":39,"column":12},"end":{"line":39,"column":40}},"20":{"start":{"line":44,"column":32},"end":{"line":44,"column":168}},"21":{"start":{"line":44,"column":71},"end":{"line":44,"column":167}},"22":{"start":{"line":47,"column":8},"end":{"line":47,"column":54}},"23":{"start":{"line":53,"column":8},"end":{"line":53,"column":110}},"24":{"start":{"line":53,"column":37},"end":{"line":53,"column":108}},"25":{"start":{"line":57,"column":0},"end":{"line":57,"column":30}}},"fnMap":{"0":{"name":"(anonymous_0)","decl":{"start":{"line":6,"column":4},"end":{"line":6,"column":5}},"loc":{"start":{"line":6,"column":52},"end":{"line":13,"column":5}},"line":6},"1":{"name":"(anonymous_1)","decl":{"start":{"line":15,"column":4},"end":{"line":15,"column":5}},"loc":{"start":{"line":15,"column":19},"end":{"line":41,"column":5}},"line":15},"2":{"name":"(anonymous_2)","decl":{"start":{"line":43,"column":4},"end":{"line":43,"column":5}},"loc":{"start":{"line":43,"column":33},"end":{"line":48,"column":5}},"line":43},"3":{"name":"(anonymous_3)","decl":{"start":{"line":44,"column":63},"end":{"line":44,"column":64}},"loc":{"start":{"line":44,"column":71},"end":{"line":44,"column":167}},"line":44},"4":{"name":"(anonymous_4)","decl":{"start":{"line":50,"column":4},"end":{"line":50,"column":5}},"loc":{"start":{"line":50,"column":33},"end":{"line":54,"column":5}},"line":50},"5":{"name":"(anonymous_5)","decl":{"start":{"line":53,"column":29},"end":{"line":53,"column":30}},"loc":{"start":{"line":53,"column":37},"end":{"line":53,"column":108}},"line":53}},"branchMap":{"0":{"loc":{"start":{"line":6,"column":24},"end":{"line":6,"column":35}},"type":"default-arg","locations":[{"start":{"line":6,"column":31},"end":{"line":6,"column":35}}],"line":6},"1":{"loc":{"start":{"line":6,"column":37},"end":{"line":6,"column":50}},"type":"default-arg","locations":[{"start":{"line":6,"column":46},"end":{"line":6,"column":50}}],"line":6},"2":{"loc":{"start":{"line":10,"column":8},"end":{"line":12,"column":9}},"type":"if","locations":[{"start":{"line":10,"column":8},"end":{"line":12,"column":9}},{"start":{},"end":{}}],"line":10},"3":{"loc":{"start":{"line":10,"column":12},"end":{"line":10,"column":52}},"type":"binary-expr","locations":[{"start":{"line":10,"column":12},"end":{"line":10,"column":29}},{"start":{"line":10,"column":33},"end":{"line":10,"column":52}}],"line":10},"4":{"loc":{"start":{"line":18,"column":8},"end":{"line":40,"column":9}},"type":"if","locations":[{"start":{"line":18,"column":8},"end":{"line":40,"column":9}},{"start":{"line":21,"column":13},"end":{"line":40,"column":9}}],"line":18},"5":{"loc":{"start":{"line":18,"column":12},"end":{"line":18,"column":36}},"type":"binary-expr","locations":[{"start":{"line":18,"column":12},"end":{"line":18,"column":23}},{"start":{"line":18,"column":27},"end":{"line":18,"column":36}}],"line":18},"6":{"loc":{"start":{"line":21,"column":13},"end":{"line":40,"column":9}},"type":"if","locations":[{"start":{"line":21,"column":13},"end":{"line":40,"column":9}},{"start":{"line":24,"column":13},"end":{"line":40,"column":9}}],"line":21},"7":{"loc":{"start":{"line":24,"column":13},"end":{"line":40,"column":9}},"type":"if","locations":[{"start":{"line":24,"column":13},"end":{"line":40,"column":9}},{"start":{},"end":{}}],"line":24},"8":{"loc":{"start":{"line":34,"column":16},"end":{"line":36,"column":17}},"type":"if","locations":[{"start":{"line":34,"column":16},"end":{"line":36,"column":17}},{"start":{},"end":{}}],"line":34},"9":{"loc":{"start":{"line":44,"column":71},"end":{"line":44,"column":167}},"type":"binary-expr","locations":[{"start":{"line":44,"column":72},"end":{"line":44,"column":114}},{"start":{"line":44,"column":120},"end":{"line":44,"column":166}}],"line":44},"10":{"loc":{"start":{"line":53,"column":37},"end":{"line":53,"column":108}},"type":"cond-expr","locations":[{"start":{"line":53,"column":74},"end":{"line":53,"column":93}},{"start":{"line":53,"column":95},"end":{"line":53,"column":108}}],"line":53}},"s":{"0":1,"1":6,"2":6,"3":6,"4":6,"5":2,"6":3,"7":3,"8":1,"9":2,"10":2,"11":2,"12":2,"13":2,"14":2,"15":2,"16":2,"17":2,"18":1,"19":2,"20":4,"21":7,"22":4,"23":4,"24":2,"25":1},"f":{"0":6,"1":3,"2":4,"3":7,"4":4,"5":2},"b":{"0":[2],"1":[2],"2":[2,4],"3":[6,4],"4":[0,3],"5":[3,2],"6":[1,2],"7":[2,0],"8":[1,1],"9":[7,6],"10":[2,0]},"inputSourceMap":null,"_coverageSchema":"1a1c01bbd47fc00a2c39e90264f33305004495a9","hash":"6d19ed402d5710ff070ae0f8fefada8693d1ce5b"}
,"C:\\Users\\zeina\\Documents\\codin\\javascript\\watsonUtils\\utils\\nodeIntentFinder.cjs": {"path":"C:\\Users\\zeina\\Documents\\codin\\javascript\\watsonUtils\\utils\\nodeIntentFinder.cjs","statementMap":{"0":{"start":{"line":5,"column":8},"end":{"line":5,"column":27}},"1":{"start":{"line":6,"column":8},"end":{"line":6,"column":25}},"2":{"start":{"line":7,"column":8},"end":{"line":7,"column":35}},"3":{"start":{"line":11,"column":32},"end":{"line":11,"column":74}},"4":{"start":{"line":13,"column":26},"end":{"line":13,"column":166}},"5":{"start":{"line":13,"column":65},"end":{"line":13,"column":162}},"6":{"start":{"line":15,"column":8},"end":{"line":18,"column":9}},"7":{"start":{"line":17,"column":12},"end":{"line":17,"column":40}},"8":{"start":{"line":19,"column":26},"end":{"line":19,"column":84}},"9":{"start":{"line":19,"column":57},"end":{"line":19,"column":83}},"10":{"start":{"line":20,"column":8},"end":{"line":26,"column":9}},"11":{"start":{"line":20,"column":42},"end":{"line":20,"column":71}},"12":{"start":{"line":21,"column":40},"end":{"line":21,"column":154}},"13":{"start":{"line":21,"column":67},"end":{"line":21,"column":153}},"14":{"start":{"line":22,"column":12},"end":{"line":24,"column":13}},"15":{"start":{"line":23,"column":16},"end":{"line":23,"column":59}},"16":{"start":{"line":25,"column":12},"end":{"line":25,"column":174}},"17":{"start":{"line":25,"column":50},"end":{"line":25,"column":103}},"18":{"start":{"line":25,"column":120},"end":{"line":25,"column":132}},"19":{"start":{"line":25,"column":146},"end":{"line":25,"column":172}},"20":{"start":{"line":30,"column":8},"end":{"line":30,"column":146}},"21":{"start":{"line":30,"column":54},"end":{"line":30,"column":141}},"22":{"start":{"line":34,"column":0},"end":{"line":34,"column":34}}},"fnMap":{"0":{"name":"(anonymous_0)","decl":{"start":{"line":4,"column":4},"end":{"line":4,"column":5}},"loc":{"start":{"line":4,"column":47},"end":{"line":8,"column":5}},"line":4},"1":{"name":"(anonymous_1)","decl":{"start":{"line":10,"column":4},"end":{"line":10,"column":5}},"loc":{"start":{"line":10,"column":16},"end":{"line":27,"column":5}},"line":10},"2":{"name":"(anonymous_2)","decl":{"start":{"line":13,"column":57},"end":{"line":13,"column":58}},"loc":{"start":{"line":13,"column":65},"end":{"line":13,"column":162}},"line":13},"3":{"name":"(anonymous_3)","decl":{"start":{"line":19,"column":49},"end":{"line":19,"column":50}},"loc":{"start":{"line":19,"column":57},"end":{"line":19,"column":83}},"line":19},"4":{"name":"(anonymous_4)","decl":{"start":{"line":20,"column":34},"end":{"line":20,"column":35}},"loc":{"start":{"line":20,"column":42},"end":{"line":20,"column":71}},"line":20},"5":{"name":"(anonymous_5)","decl":{"start":{"line":21,"column":59},"end":{"line":21,"column":60}},"loc":{"start":{"line":21,"column":67},"end":{"line":21,"column":153}},"line":21},"6":{"name":"(anonymous_6)","decl":{"start":{"line":25,"column":42},"end":{"line":25,"column":43}},"loc":{"start":{"line":25,"column":50},"end":{"line":25,"column":103}},"line":25},"7":{"name":"(anonymous_7)","decl":{"start":{"line":25,"column":112},"end":{"line":25,"column":113}},"loc":{"start":{"line":25,"column":120},"end":{"line":25,"column":132}},"line":25},"8":{"name":"(anonymous_8)","decl":{"start":{"line":25,"column":138},"end":{"line":25,"column":139}},"loc":{"start":{"line":25,"column":146},"end":{"line":25,"column":172}},"line":25},"9":{"name":"(anonymous_9)","decl":{"start":{"line":29,"column":4},"end":{"line":29,"column":5}},"loc":{"start":{"line":29,"column":26},"end":{"line":31,"column":5}},"line":29},"10":{"name":"(anonymous_10)","decl":{"start":{"line":30,"column":46},"end":{"line":30,"column":47}},"loc":{"start":{"line":30,"column":54},"end":{"line":30,"column":141}},"line":30}},"branchMap":{"0":{"loc":{"start":{"line":4,"column":29},"end":{"line":4,"column":45}},"type":"default-arg","locations":[{"start":{"line":4,"column":41},"end":{"line":4,"column":45}}],"line":4},"1":{"loc":{"start":{"line":11,"column":32},"end":{"line":11,"column":74}},"type":"cond-expr","locations":[{"start":{"line":11,"column":49},"end":{"line":11,"column":69}},{"start":{"line":11,"column":71},"end":{"line":11,"column":74}}],"line":11},"2":{"loc":{"start":{"line":13,"column":65},"end":{"line":13,"column":162}},"type":"cond-expr","locations":[{"start":{"line":13,"column":102},"end":{"line":13,"column":134}},{"start":{"line":13,"column":136},"end":{"line":13,"column":162}}],"line":13},"3":{"loc":{"start":{"line":15,"column":8},"end":{"line":18,"column":9}},"type":"if","locations":[{"start":{"line":15,"column":8},"end":{"line":18,"column":9}},{"start":{},"end":{}}],"line":15},"4":{"loc":{"start":{"line":21,"column":67},"end":{"line":21,"column":153}},"type":"cond-expr","locations":[{"start":{"line":21,"column":103},"end":{"line":21,"column":146}},{"start":{"line":21,"column":149},"end":{"line":21,"column":153}}],"line":21},"5":{"loc":{"start":{"line":22,"column":12},"end":{"line":24,"column":13}},"type":"if","locations":[{"start":{"line":22,"column":12},"end":{"line":24,"column":13}},{"start":{},"end":{}}],"line":22},"6":{"loc":{"start":{"line":25,"column":50},"end":{"line":25,"column":103}},"type":"cond-expr","locations":[{"start":{"line":25,"column":82},"end":{"line":25,"column":96}},{"start":{"line":25,"column":99},"end":{"line":25,"column":103}}],"line":25},"7":{"loc":{"start":{"line":30,"column":54},"end":{"line":30,"column":141}},"type":"cond-expr","locations":[{"start":{"line":30,"column":91},"end":{"line":30,"column":118}},{"start":{"line":30,"column":120},"end":{"line":30,"column":141}}],"line":30}},"s":{"0":3,"1":3,"2":3,"3":3,"4":3,"5":11,"6":3,"7":1,"8":2,"9":2,"10":2,"11":3,"12":3,"13":3,"14":3,"15":2,"16":1,"17":1,"18":1,"19":1,"20":3,"21":15,"22":1},"f":{"0":3,"1":3,"2":11,"3":2,"4":3,"5":3,"6":1,"7":1,"8":1,"9":3,"10":15},"b":{"0":[3],"1":[0,3],"2":[11,0],"3":[1,2],"4":[3,0],"5":[2,1],"6":[1,0],"7":[15,0]},"inputSourceMap":null,"_coverageSchema":"1a1c01bbd47fc00a2c39e90264f33305004495a9","hash":"ba225ae8f42231bd43eddfd5e256c5ac7a718e31"}
}
