TN:
SF:utils\intentNodeFinder.cjs
FN:5,(anonymous_0)
FN:11,(anonymous_1)
FN:17,(anonymous_2)
FN:22,(anonymous_3)
FN:23,(anonymous_4)
FN:33,(anonymous_5)
FN:34,(anonymous_6)
FNF:7
FNH:7
FNDA:4,(anonymous_0)
FNDA:4,(anonymous_1)
FNDA:10,(anonymous_2)
FNDA:9,(anonymous_3)
FNDA:4,(anonymous_4)
FNDA:26,(anonymous_5)
FNDA:2,(anonymous_6)
DA:2,2
DA:6,4
DA:7,4
DA:8,4
DA:12,4
DA:16,4
DA:17,10
DA:19,4
DA:20,3
DA:21,3
DA:22,9
DA:23,4
DA:24,3
DA:27,3
DA:29,3
DA:30,4
DA:31,4
DA:32,6
DA:33,26
DA:34,6
DA:35,6
DA:37,4
DA:38,3
DA:40,1
DA:41,1
DA:42,1
DA:45,4
DA:46,1
DA:49,3
DA:56,2
LF:30
LH:30
BRDA:5,0,0,4
BRDA:19,1,0,3
BRDA:19,1,1,1
BRDA:20,2,0,3
BRDA:20,2,1,0
BRDA:23,3,0,4
BRDA:23,3,1,0
BRDA:34,4,0,2
BRDA:34,4,1,0
BRDA:37,5,0,3
BRDA:37,5,1,1
BRDA:45,6,0,1
BRDA:45,6,1,3
BRF:13
BRH:10
end_of_record
TN:
SF:utils\jumpToFinder.cjs
FN:6,(anonymous_0)
FN:15,(anonymous_1)
FN:36,(anonymous_2)
FN:37,(anonymous_3)
FNF:4
FNH:3
FNDA:2,(anonymous_0)
FNDA:0,(anonymous_1)
FNDA:2,(anonymous_2)
FNDA:3,(anonymous_3)
DA:2,1
DA:7,2
DA:8,2
DA:9,2
DA:10,2
DA:11,0
DA:18,0
DA:21,0
DA:22,0
DA:24,0
DA:25,0
DA:26,0
DA:27,0
DA:28,0
DA:29,0
DA:31,0
DA:37,3
DA:39,2
DA:40,2
DA:44,1
LF:20
LH:9
BRDA:6,0,0,0
BRDA:6,1,0,2
BRDA:10,2,0,0
BRDA:10,2,1,2
BRDA:10,3,0,2
BRDA:10,3,1,0
BRDA:18,4,0,0
BRDA:18,4,1,0
BRDA:18,5,0,0
BRDA:18,5,1,0
BRDA:21,6,0,0
BRDA:21,6,1,0
BRDA:24,7,0,0
BRDA:24,7,1,0
BRDA:37,8,0,3
BRDA:37,8,1,2
BRF:16
BRH:5
end_of_record
TN:
SF:utils\nodeIntentFinder.cjs
FN:4,(anonymous_0)
FN:10,(anonymous_1)
FN:13,(anonymous_2)
FN:20,(anonymous_3)
FN:21,(anonymous_4)
FN:21,(anonymous_5)
FN:22,(anonymous_6)
FNF:7
FNH:3
FNDA:1,(anonymous_0)
FNDA:1,(anonymous_1)
FNDA:1,(anonymous_2)
FNDA:0,(anonymous_3)
FNDA:0,(anonymous_4)
FNDA:0,(anonymous_5)
FNDA:0,(anonymous_6)
DA:5,1
DA:6,1
DA:7,1
DA:11,1
DA:13,1
DA:15,1
DA:17,1
DA:19,0
DA:20,0
DA:21,0
DA:22,0
DA:23,0
DA:24,0
DA:30,1
LF:14
LH:8
BRDA:4,0,0,1
BRDA:11,1,0,0
BRDA:11,1,1,1
BRDA:13,2,0,1
BRDA:13,2,1,0
BRDA:15,3,0,1
BRDA:15,3,1,0
BRDA:21,4,0,0
BRDA:21,4,1,0
BRDA:23,5,0,0
BRDA:23,5,1,0
BRF:11
BRH:4
end_of_record
