TN:
SF:utils\intentNodeFinder.cjs
FN:5,(anonymous_0)
FN:11,(anonymous_1)
FN:17,(anonymous_2)
FN:22,(anonymous_3)
FN:23,(anonymous_4)
FN:32,(anonymous_5)
FN:33,(anonymous_6)
FNF:7
FNH:7
FNDA:6,(anonymous_0)
FNDA:6,(anonymous_1)
FNDA:14,(anonymous_2)
FNDA:13,(anonymous_3)
FNDA:4,(anonymous_4)
FNDA:26,(anonymous_5)
FNDA:2,(anonymous_6)
DA:2,2
DA:6,6
DA:7,6
DA:8,6
DA:12,6
DA:16,6
DA:17,14
DA:19,6
DA:20,5
DA:21,5
DA:22,13
DA:23,5
DA:24,5
DA:27,5
DA:29,5
DA:30,6
DA:31,6
DA:32,26
DA:33,6
DA:34,6
DA:36,6
DA:37,5
DA:39,1
DA:40,1
DA:43,6
DA:44,1
DA:47,5
DA:54,2
LF:28
LH:28
BRDA:5,0,0,6
BRDA:19,1,0,5
BRDA:19,1,1,1
BRDA:20,2,0,5
BRDA:20,2,1,0
BRDA:23,3,0,4
BRDA:23,3,1,0
BRDA:33,4,0,2
BRDA:33,4,1,0
BRDA:36,5,0,5
BRDA:36,5,1,1
BRDA:43,6,0,1
BRDA:43,6,1,5
BRF:13
BRH:10
end_of_record
TN:
SF:utils\jumpToFinder.cjs
FN:6,(anonymous_0)
FN:15,(anonymous_1)
FN:37,(anonymous_2)
FN:38,(anonymous_3)
FN:43,(anonymous_4)
FN:44,(anonymous_5)
FNF:6
FNH:6
FNDA:6,(anonymous_0)
FNDA:3,(anonymous_1)
FNDA:4,(anonymous_2)
FNDA:7,(anonymous_3)
FNDA:4,(anonymous_4)
FNDA:2,(anonymous_5)
DA:2,1
DA:7,6
DA:8,6
DA:9,6
DA:10,6
DA:11,2
DA:18,3
DA:21,3
DA:22,1
DA:24,2
DA:25,2
DA:26,2
DA:27,2
DA:28,2
DA:29,2
DA:30,1
DA:33,2
DA:38,7
DA:40,4
DA:44,4
DA:48,1
LF:21
LH:21
BRDA:6,0,0,2
BRDA:6,1,0,2
BRDA:10,2,0,2
BRDA:10,2,1,4
BRDA:10,3,0,6
BRDA:10,3,1,4
BRDA:18,4,0,0
BRDA:18,4,1,3
BRDA:18,5,0,3
BRDA:18,5,1,2
BRDA:21,6,0,1
BRDA:21,6,1,2
BRDA:24,7,0,2
BRDA:24,7,1,0
BRDA:29,8,0,1
BRDA:29,8,1,1
BRDA:38,9,0,7
BRDA:38,9,1,6
BRDA:44,10,0,2
BRDA:44,10,1,0
BRF:20
BRH:17
end_of_record
TN:
SF:utils\nodeIntentFinder.cjs
FN:4,(anonymous_0)
FN:10,(anonymous_1)
FN:13,(anonymous_2)
FN:19,(anonymous_3)
FN:20,(anonymous_4)
FN:21,(anonymous_5)
FN:25,(anonymous_6)
FN:25,(anonymous_7)
FN:25,(anonymous_8)
FN:29,(anonymous_9)
FN:30,(anonymous_10)
FNF:11
FNH:11
FNDA:3,(anonymous_0)
FNDA:3,(anonymous_1)
FNDA:11,(anonymous_2)
FNDA:2,(anonymous_3)
FNDA:3,(anonymous_4)
FNDA:3,(anonymous_5)
FNDA:1,(anonymous_6)
FNDA:1,(anonymous_7)
FNDA:1,(anonymous_8)
FNDA:3,(anonymous_9)
FNDA:15,(anonymous_10)
DA:5,3
DA:6,3
DA:7,3
DA:11,3
DA:13,11
DA:15,3
DA:17,1
DA:19,2
DA:20,3
DA:21,3
DA:22,3
DA:23,2
DA:25,1
DA:30,15
DA:34,1
LF:15
LH:15
BRDA:4,0,0,3
BRDA:11,1,0,0
BRDA:11,1,1,3
BRDA:13,2,0,11
BRDA:13,2,1,0
BRDA:15,3,0,1
BRDA:15,3,1,2
BRDA:21,4,0,3
BRDA:21,4,1,0
BRDA:22,5,0,2
BRDA:22,5,1,1
BRDA:25,6,0,1
BRDA:25,6,1,0
BRDA:30,7,0,15
BRDA:30,7,1,0
BRF:15
BRH:10
end_of_record
